Arguments: 
  /usr/local/bin/node /Users/samuelezedi/.cache/node/corepack/yarn/1.22.19/bin/yarn.js add --dev hardhar

PATH: 
  /Users/samuelezedi/.pyenv/shims:/Users/samuelezedi/.pyenv/bin:/Library/Frameworks/Python.framework/Versions/3.10/bin:/opt/local/bin:/opt/local/sbin:/usr/local/bin:/usr/bin:/bin:/usr/sbin:/sbin:/Library/Apple/usr/bin:/Users/samuelezedi/.pyenv/bin:/Library/Frameworks/Python.framework/Versions/3.10/bin:/opt/local/bin:/opt/local/sbin:/Users/samuelezedi/Desktop/dev/flutter/bin:/Users/samuelezedi/Desktop/dev/flutter/bin

Yarn version: 
  1.22.19

Node version: 
  16.18.0

Platform: 
  darwin x64

Trace: 
  Error: https://registry.yarnpkg.com/hardhar: Not found
      at Request.params.callback [as _callback] (/Users/samuelezedi/.cache/node/corepack/yarn/1.22.19/lib/cli.js:66145:18)
      at Request.self.callback (/Users/samuelezedi/.cache/node/corepack/yarn/1.22.19/lib/cli.js:140890:22)
      at Request.emit (node:events:513:28)
      at Request.<anonymous> (/Users/samuelezedi/.cache/node/corepack/yarn/1.22.19/lib/cli.js:141862:10)
      at Request.emit (node:events:513:28)
      at IncomingMessage.<anonymous> (/Users/samuelezedi/.cache/node/corepack/yarn/1.22.19/lib/cli.js:141784:12)
      at Object.onceWrapper (node:events:627:28)
      at IncomingMessage.emit (node:events:525:35)
      at endReadableNT (node:internal/streams/readable:1358:12)
      at processTicksAndRejections (node:internal/process/task_queues:83:21)

npm manifest: 
  {
    "name": "hardhat-simple-storage-fcc",
    "version": "1.0.0",
    "main": "index.js",
    "author": "Samuel Ezedi <60943943+samuelezedi@users.noreply.github.com>",
    "license": "MIT"
  }

yarn manifest: 
  No manifest

Lockfile: 
  No lockfile
